[2025-05-13T14:54:49.884] [ERROR] cheese - 🚀  Server ready at: http://localhost:3333/
[2025-05-13T14:55:37.420] [INFO] cheese - 🚀  Server ready at: http://localhost:3333/
[2025-05-13T17:33:10.805] [INFO] cheese - 🚀  Server ready at: http://localhost:3333/
[2025-05-13T17:34:03.006] [INFO] cheese - 🚀  Server ready at: http://localhost:3333/
[2025-05-13T17:36:07.482] [INFO] cheese - 🚀  Server ready at: http://localhost:3333/
[2025-05-13T17:40:14.709] [INFO] cheese - 🚀  Server ready at: http://localhost:3333/
[2025-05-14T10:03:59.470] [INFO] cheese - 🚀 Server ready at http://localhost:4000/graphql
[2025-05-14T10:04:55.760] [INFO] cheese - 🚀 Server ready at http://localhost:4000/graphql
[2025-05-14T17:44:06.925] [INFO] cheese - 🚀 Server ready at http://localhost:4000/graphql
[2025-05-14T17:48:30.634] [INFO] cheese - 🚀 Server ready at http://localhost:4000/graphql
[2025-05-14T17:52:45.950] [INFO] cheese - 🚀 Server ready at http://localhost:4000/graphql
[2025-05-15T02:01:19.781] [INFO] cheese - 🚀 Server ready at http://localhost:4000/graphql
[2025-05-15T02:03:51.359] [INFO] cheese - 🚀 Server ready at http://localhost:4000/graphql
[2025-05-15T02:05:10.618] [INFO] cheese - 🚀 Server ready at http://localhost:4000/graphql
[2025-05-15T11:12:53.371] [INFO] cheese - 🚀 Server ready at http://localhost:4000/graphql
[2025-05-15T12:27:07.263] [INFO] cheese - 🚀 Server ready at http://localhost:4000/graphql
[2025-05-15T12:27:52.021] [INFO] cheese - 🚀 Server ready at http://localhost:4000/graphql
[2025-05-17T00:24:55.133] [INFO] cheese - error connecting to the database: Error: connect ETIMEDOUT
    at Connection._handleConnectTimeout (C:\Users\alger\Documents\projects\posbackend\node_modules\mysql\lib\Connection.js:409:13)
    at Object.onceWrapper (node:events:632:28)
    at Socket.emit (node:events:518:28)
    at Socket._onTimeout (node:net:609:8)
    at listOnTimeout (node:internal/timers:588:17)
    at process.processTimers (node:internal/timers:523:7)
    --------------------
    at Protocol._enqueue (C:\Users\alger\Documents\projects\posbackend\node_modules\mysql\lib\protocol\Protocol.js:144:48)
    at Protocol.handshake (C:\Users\alger\Documents\projects\posbackend\node_modules\mysql\lib\protocol\Protocol.js:51:23)
    at Connection.connect (C:\Users\alger\Documents\projects\posbackend\node_modules\mysql\lib\Connection.js:116:18)
    at file:///C:/Users/alger/Documents/projects/posbackend/app/config/database.js:14:12
    at ModuleJob.run (node:internal/modules/esm/module_job:274:25)
    at async onImport.tracePromise.__proto__ (node:internal/modules/esm/loader:644:26)
    at async asyncRunEntryPointWithESMLoader (node:internal/modules/run_main:116:5)
